d:\software\open-cms\wbgae\src\main\resources\META-INF\admin\tiny_mce\a.log
d:\software\open-cms\wbgae\src\main\resources\META-INF\admin\tiny_mce\license.txt
d:\software\open-cms\wbgae\src\main\resources\META-INF\admin\tiny_mce\tiny_mce.js
d:\software\open-cms\wbgae\src\main\resources\META-INF\admin\tiny_mce\tiny_mce_popup.js
d:\software\open-cms\wbgae\src\main\resources\META-INF\admin\tiny_mce\langs\en.js
d:\software\open-cms\wbgae\src\main\resources\META-INF\admin\tiny_mce\plugins\advhr\editor_plugin.js
d:\software\open-cms\wbgae\src\main\resources\META-INF\admin\tiny_mce\plugins\advhr\rule.htm
d:\software\open-cms\wbgae\src\main\resources\META-INF\admin\tiny_mce\plugins\advhr\css\advhr.css
d:\software\open-cms\wbgae\src\main\resources\META-INF\admin\tiny_mce\plugins\advhr\js\rule.js
d:\software\open-cms\wbgae\src\main\resources\META-INF\admin\tiny_mce\plugins\advhr\langs\en_dlg.js
d:\software\open-cms\wbgae\src\main\resources\META-INF\admin\tiny_mce\plugins\advimage\editor_plugin.js
d:\software\open-cms\wbgae\src\main\resources\META-INF\admin\tiny_mce\plugins\advimage\image.htm
d:\software\open-cms\wbgae\src\main\resources\META-INF\admin\tiny_mce\plugins\advimage\css\advimage.css
d:\software\open-cms\wbgae\src\main\resources\META-INF\admin\tiny_mce\plugins\advimage\img\sample.gif
d:\software\open-cms\wbgae\src\main\resources\META-INF\admin\tiny_mce\plugins\advimage\js\image.js
d:\software\open-cms\wbgae\src\main\resources\META-INF\admin\tiny_mce\plugins\advimage\langs\en_dlg.js
d:\software\open-cms\wbgae\src\main\resources\META-INF\admin\tiny_mce\plugins\advlink\editor_plugin.js
d:\software\open-cms\wbgae\src\main\resources\META-INF\admin\tiny_mce\plugins\advlink\link.htm
d:\software\open-cms\wbgae\src\main\resources\META-INF\admin\tiny_mce\plugins\advlink\css\advlink.css
d:\software\open-cms\wbgae\src\main\resources\META-INF\admin\tiny_mce\plugins\advlink\js\advlink.js
d:\software\open-cms\wbgae\src\main\resources\META-INF\admin\tiny_mce\plugins\advlink\langs\en_dlg.js
d:\software\open-cms\wbgae\src\main\resources\META-INF\admin\tiny_mce\plugins\advlist\editor_plugin.js
d:\software\open-cms\wbgae\src\main\resources\META-INF\admin\tiny_mce\plugins\autolink\editor_plugin.js
d:\software\open-cms\wbgae\src\main\resources\META-INF\admin\tiny_mce\plugins\autoresize\editor_plugin.js
d:\software\open-cms\wbgae\src\main\resources\META-INF\admin\tiny_mce\plugins\bbcode\editor_plugin.js
d:\software\open-cms\wbgae\src\main\resources\META-INF\admin\tiny_mce\plugins\contextmenu\editor_plugin.js
d:\software\open-cms\wbgae\src\main\resources\META-INF\admin\tiny_mce\plugins\directionality\editor_plugin.js
d:\software\open-cms\wbgae\src\main\resources\META-INF\admin\tiny_mce\plugins\emotions\editor_plugin.js
d:\software\open-cms\wbgae\src\main\resources\META-INF\admin\tiny_mce\plugins\emotions\emotions.htm
d:\software\open-cms\wbgae\src\main\resources\META-INF\admin\tiny_mce\plugins\emotions\img\smiley-cool.gif
d:\software\open-cms\wbgae\src\main\resources\META-INF\admin\tiny_mce\plugins\emotions\img\smiley-cry.gif
d:\software\open-cms\wbgae\src\main\resources\META-INF\admin\tiny_mce\plugins\emotions\img\smiley-embarassed.gif
d:\software\open-cms\wbgae\src\main\resources\META-INF\admin\tiny_mce\plugins\emotions\img\smiley-foot-in-mouth.gif
d:\software\open-cms\wbgae\src\main\resources\META-INF\admin\tiny_mce\plugins\emotions\img\smiley-frown.gif
d:\software\open-cms\wbgae\src\main\resources\META-INF\admin\tiny_mce\plugins\emotions\img\smiley-innocent.gif
d:\software\open-cms\wbgae\src\main\resources\META-INF\admin\tiny_mce\plugins\emotions\img\smiley-kiss.gif
d:\software\open-cms\wbgae\src\main\resources\META-INF\admin\tiny_mce\plugins\emotions\img\smiley-laughing.gif
d:\software\open-cms\wbgae\src\main\resources\META-INF\admin\tiny_mce\plugins\emotions\img\smiley-money-mouth.gif
d:\software\open-cms\wbgae\src\main\resources\META-INF\admin\tiny_mce\plugins\emotions\img\smiley-sealed.gif
d:\software\open-cms\wbgae\src\main\resources\META-INF\admin\tiny_mce\plugins\emotions\img\smiley-smile.gif
d:\software\open-cms\wbgae\src\main\resources\META-INF\admin\tiny_mce\plugins\emotions\img\smiley-surprised.gif
d:\software\open-cms\wbgae\src\main\resources\META-INF\admin\tiny_mce\plugins\emotions\img\smiley-tongue-out.gif
d:\software\open-cms\wbgae\src\main\resources\META-INF\admin\tiny_mce\plugins\emotions\img\smiley-undecided.gif
d:\software\open-cms\wbgae\src\main\resources\META-INF\admin\tiny_mce\plugins\emotions\img\smiley-wink.gif
d:\software\open-cms\wbgae\src\main\resources\META-INF\admin\tiny_mce\plugins\emotions\img\smiley-yell.gif
d:\software\open-cms\wbgae\src\main\resources\META-INF\admin\tiny_mce\plugins\emotions\js\emotions.js
d:\software\open-cms\wbgae\src\main\resources\META-INF\admin\tiny_mce\plugins\emotions\langs\en_dlg.js
d:\software\open-cms\wbgae\src\main\resources\META-INF\admin\tiny_mce\plugins\example\dialog.htm
d:\software\open-cms\wbgae\src\main\resources\META-INF\admin\tiny_mce\plugins\example\editor_plugin.js
d:\software\open-cms\wbgae\src\main\resources\META-INF\admin\tiny_mce\plugins\example\img\example.gif
d:\software\open-cms\wbgae\src\main\resources\META-INF\admin\tiny_mce\plugins\example\js\dialog.js
d:\software\open-cms\wbgae\src\main\resources\META-INF\admin\tiny_mce\plugins\example\langs\en.js
d:\software\open-cms\wbgae\src\main\resources\META-INF\admin\tiny_mce\plugins\example\langs\en_dlg.js
d:\software\open-cms\wbgae\src\main\resources\META-INF\admin\tiny_mce\plugins\example_dependency\editor_plugin.js
d:\software\open-cms\wbgae\src\main\resources\META-INF\admin\tiny_mce\plugins\fullpage\editor_plugin.js
d:\software\open-cms\wbgae\src\main\resources\META-INF\admin\tiny_mce\plugins\fullpage\fullpage.htm
d:\software\open-cms\wbgae\src\main\resources\META-INF\admin\tiny_mce\plugins\fullpage\css\fullpage.css
d:\software\open-cms\wbgae\src\main\resources\META-INF\admin\tiny_mce\plugins\fullpage\js\fullpage.js
d:\software\open-cms\wbgae\src\main\resources\META-INF\admin\tiny_mce\plugins\fullpage\langs\en_dlg.js
d:\software\open-cms\wbgae\src\main\resources\META-INF\admin\tiny_mce\plugins\fullscreen\editor_plugin.js
d:\software\open-cms\wbgae\src\main\resources\META-INF\admin\tiny_mce\plugins\fullscreen\fullscreen.htm
d:\software\open-cms\wbgae\src\main\resources\META-INF\admin\tiny_mce\plugins\iespell\editor_plugin.js
d:\software\open-cms\wbgae\src\main\resources\META-INF\admin\tiny_mce\plugins\inlinepopups\editor_plugin.js
d:\software\open-cms\wbgae\src\main\resources\META-INF\admin\tiny_mce\plugins\inlinepopups\template.htm
d:\software\open-cms\wbgae\src\main\resources\META-INF\admin\tiny_mce\plugins\inlinepopups\skins\clearlooks2\window.css
d:\software\open-cms\wbgae\src\main\resources\META-INF\admin\tiny_mce\plugins\inlinepopups\skins\clearlooks2\img\alert.gif
d:\software\open-cms\wbgae\src\main\resources\META-INF\admin\tiny_mce\plugins\inlinepopups\skins\clearlooks2\img\button.gif
d:\software\open-cms\wbgae\src\main\resources\META-INF\admin\tiny_mce\plugins\inlinepopups\skins\clearlooks2\img\buttons.gif
d:\software\open-cms\wbgae\src\main\resources\META-INF\admin\tiny_mce\plugins\inlinepopups\skins\clearlooks2\img\confirm.gif
d:\software\open-cms\wbgae\src\main\resources\META-INF\admin\tiny_mce\plugins\inlinepopups\skins\clearlooks2\img\corners.gif
d:\software\open-cms\wbgae\src\main\resources\META-INF\admin\tiny_mce\plugins\inlinepopups\skins\clearlooks2\img\horizontal.gif
d:\software\open-cms\wbgae\src\main\resources\META-INF\admin\tiny_mce\plugins\inlinepopups\skins\clearlooks2\img\vertical.gif
d:\software\open-cms\wbgae\src\main\resources\META-INF\admin\tiny_mce\plugins\insertdatetime\editor_plugin.js
d:\software\open-cms\wbgae\src\main\resources\META-INF\admin\tiny_mce\plugins\layer\editor_plugin.js
d:\software\open-cms\wbgae\src\main\resources\META-INF\admin\tiny_mce\plugins\legacyoutput\editor_plugin.js
d:\software\open-cms\wbgae\src\main\resources\META-INF\admin\tiny_mce\plugins\lists\editor_plugin.js
d:\software\open-cms\wbgae\src\main\resources\META-INF\admin\tiny_mce\plugins\media\editor_plugin.js
d:\software\open-cms\wbgae\src\main\resources\META-INF\admin\tiny_mce\plugins\media\media.htm
d:\software\open-cms\wbgae\src\main\resources\META-INF\admin\tiny_mce\plugins\media\moxieplayer.swf
d:\software\open-cms\wbgae\src\main\resources\META-INF\admin\tiny_mce\plugins\media\css\media.css
d:\software\open-cms\wbgae\src\main\resources\META-INF\admin\tiny_mce\plugins\media\js\embed.js
d:\software\open-cms\wbgae\src\main\resources\META-INF\admin\tiny_mce\plugins\media\js\media.js
d:\software\open-cms\wbgae\src\main\resources\META-INF\admin\tiny_mce\plugins\media\langs\en_dlg.js
d:\software\open-cms\wbgae\src\main\resources\META-INF\admin\tiny_mce\plugins\nonbreaking\editor_plugin.js
d:\software\open-cms\wbgae\src\main\resources\META-INF\admin\tiny_mce\plugins\noneditable\editor_plugin.js
d:\software\open-cms\wbgae\src\main\resources\META-INF\admin\tiny_mce\plugins\pagebreak\editor_plugin.js
d:\software\open-cms\wbgae\src\main\resources\META-INF\admin\tiny_mce\plugins\paste\editor_plugin.js
d:\software\open-cms\wbgae\src\main\resources\META-INF\admin\tiny_mce\plugins\paste\pastetext.htm
d:\software\open-cms\wbgae\src\main\resources\META-INF\admin\tiny_mce\plugins\paste\pasteword.htm
d:\software\open-cms\wbgae\src\main\resources\META-INF\admin\tiny_mce\plugins\paste\js\pastetext.js
d:\software\open-cms\wbgae\src\main\resources\META-INF\admin\tiny_mce\plugins\paste\js\pasteword.js
d:\software\open-cms\wbgae\src\main\resources\META-INF\admin\tiny_mce\plugins\paste\langs\en_dlg.js
d:\software\open-cms\wbgae\src\main\resources\META-INF\admin\tiny_mce\plugins\preview\editor_plugin.js
d:\software\open-cms\wbgae\src\main\resources\META-INF\admin\tiny_mce\plugins\preview\example.html
d:\software\open-cms\wbgae\src\main\resources\META-INF\admin\tiny_mce\plugins\preview\preview.html
d:\software\open-cms\wbgae\src\main\resources\META-INF\admin\tiny_mce\plugins\preview\jscripts\embed.js
d:\software\open-cms\wbgae\src\main\resources\META-INF\admin\tiny_mce\plugins\print\editor_plugin.js
d:\software\open-cms\wbgae\src\main\resources\META-INF\admin\tiny_mce\plugins\save\editor_plugin.js
d:\software\open-cms\wbgae\src\main\resources\META-INF\admin\tiny_mce\plugins\searchreplace\editor_plugin.js
d:\software\open-cms\wbgae\src\main\resources\META-INF\admin\tiny_mce\plugins\searchreplace\searchreplace.htm
d:\software\open-cms\wbgae\src\main\resources\META-INF\admin\tiny_mce\plugins\searchreplace\css\searchreplace.css
d:\software\open-cms\wbgae\src\main\resources\META-INF\admin\tiny_mce\plugins\searchreplace\js\searchreplace.js
d:\software\open-cms\wbgae\src\main\resources\META-INF\admin\tiny_mce\plugins\searchreplace\langs\en_dlg.js
d:\software\open-cms\wbgae\src\main\resources\META-INF\admin\tiny_mce\plugins\spellchecker\editor_plugin.js
d:\software\open-cms\wbgae\src\main\resources\META-INF\admin\tiny_mce\plugins\spellchecker\css\content.css
d:\software\open-cms\wbgae\src\main\resources\META-INF\admin\tiny_mce\plugins\spellchecker\img\wline.gif
d:\software\open-cms\wbgae\src\main\resources\META-INF\admin\tiny_mce\plugins\style\editor_plugin.js
d:\software\open-cms\wbgae\src\main\resources\META-INF\admin\tiny_mce\plugins\style\props.htm
d:\software\open-cms\wbgae\src\main\resources\META-INF\admin\tiny_mce\plugins\style\readme.txt
d:\software\open-cms\wbgae\src\main\resources\META-INF\admin\tiny_mce\plugins\style\css\props.css
d:\software\open-cms\wbgae\src\main\resources\META-INF\admin\tiny_mce\plugins\style\js\props.js
d:\software\open-cms\wbgae\src\main\resources\META-INF\admin\tiny_mce\plugins\style\langs\en_dlg.js
d:\software\open-cms\wbgae\src\main\resources\META-INF\admin\tiny_mce\plugins\tabfocus\editor_plugin.js
d:\software\open-cms\wbgae\src\main\resources\META-INF\admin\tiny_mce\plugins\table\cell.htm
d:\software\open-cms\wbgae\src\main\resources\META-INF\admin\tiny_mce\plugins\table\editor_plugin.js
d:\software\open-cms\wbgae\src\main\resources\META-INF\admin\tiny_mce\plugins\table\merge_cells.htm
d:\software\open-cms\wbgae\src\main\resources\META-INF\admin\tiny_mce\plugins\table\row.htm
d:\software\open-cms\wbgae\src\main\resources\META-INF\admin\tiny_mce\plugins\table\table.htm
d:\software\open-cms\wbgae\src\main\resources\META-INF\admin\tiny_mce\plugins\table\css\cell.css
d:\software\open-cms\wbgae\src\main\resources\META-INF\admin\tiny_mce\plugins\table\css\row.css
d:\software\open-cms\wbgae\src\main\resources\META-INF\admin\tiny_mce\plugins\table\css\table.css
d:\software\open-cms\wbgae\src\main\resources\META-INF\admin\tiny_mce\plugins\table\js\cell.js
d:\software\open-cms\wbgae\src\main\resources\META-INF\admin\tiny_mce\plugins\table\js\merge_cells.js
d:\software\open-cms\wbgae\src\main\resources\META-INF\admin\tiny_mce\plugins\table\js\row.js
d:\software\open-cms\wbgae\src\main\resources\META-INF\admin\tiny_mce\plugins\table\js\table.js
d:\software\open-cms\wbgae\src\main\resources\META-INF\admin\tiny_mce\plugins\table\langs\en_dlg.js
d:\software\open-cms\wbgae\src\main\resources\META-INF\admin\tiny_mce\plugins\template\blank.htm
d:\software\open-cms\wbgae\src\main\resources\META-INF\admin\tiny_mce\plugins\template\editor_plugin.js
d:\software\open-cms\wbgae\src\main\resources\META-INF\admin\tiny_mce\plugins\template\template.htm
d:\software\open-cms\wbgae\src\main\resources\META-INF\admin\tiny_mce\plugins\template\css\template.css
d:\software\open-cms\wbgae\src\main\resources\META-INF\admin\tiny_mce\plugins\template\js\template.js
d:\software\open-cms\wbgae\src\main\resources\META-INF\admin\tiny_mce\plugins\template\langs\en_dlg.js
d:\software\open-cms\wbgae\src\main\resources\META-INF\admin\tiny_mce\plugins\visualblocks\editor_plugin.js
d:\software\open-cms\wbgae\src\main\resources\META-INF\admin\tiny_mce\plugins\visualblocks\css\visualblocks.css
d:\software\open-cms\wbgae\src\main\resources\META-INF\admin\tiny_mce\plugins\visualchars\editor_plugin.js
d:\software\open-cms\wbgae\src\main\resources\META-INF\admin\tiny_mce\plugins\wordcount\editor_plugin.js
d:\software\open-cms\wbgae\src\main\resources\META-INF\admin\tiny_mce\plugins\xhtmlxtras\abbr.htm
d:\software\open-cms\wbgae\src\main\resources\META-INF\admin\tiny_mce\plugins\xhtmlxtras\acronym.htm
d:\software\open-cms\wbgae\src\main\resources\META-INF\admin\tiny_mce\plugins\xhtmlxtras\attributes.htm
d:\software\open-cms\wbgae\src\main\resources\META-INF\admin\tiny_mce\plugins\xhtmlxtras\cite.htm
d:\software\open-cms\wbgae\src\main\resources\META-INF\admin\tiny_mce\plugins\xhtmlxtras\del.htm
d:\software\open-cms\wbgae\src\main\resources\META-INF\admin\tiny_mce\plugins\xhtmlxtras\editor_plugin.js
d:\software\open-cms\wbgae\src\main\resources\META-INF\admin\tiny_mce\plugins\xhtmlxtras\ins.htm
d:\software\open-cms\wbgae\src\main\resources\META-INF\admin\tiny_mce\plugins\xhtmlxtras\css\attributes.css
d:\software\open-cms\wbgae\src\main\resources\META-INF\admin\tiny_mce\plugins\xhtmlxtras\css\popup.css
d:\software\open-cms\wbgae\src\main\resources\META-INF\admin\tiny_mce\plugins\xhtmlxtras\js\abbr.js
d:\software\open-cms\wbgae\src\main\resources\META-INF\admin\tiny_mce\plugins\xhtmlxtras\js\acronym.js
d:\software\open-cms\wbgae\src\main\resources\META-INF\admin\tiny_mce\plugins\xhtmlxtras\js\attributes.js
d:\software\open-cms\wbgae\src\main\resources\META-INF\admin\tiny_mce\plugins\xhtmlxtras\js\cite.js
d:\software\open-cms\wbgae\src\main\resources\META-INF\admin\tiny_mce\plugins\xhtmlxtras\js\del.js
d:\software\open-cms\wbgae\src\main\resources\META-INF\admin\tiny_mce\plugins\xhtmlxtras\js\element_common.js
d:\software\open-cms\wbgae\src\main\resources\META-INF\admin\tiny_mce\plugins\xhtmlxtras\js\ins.js
d:\software\open-cms\wbgae\src\main\resources\META-INF\admin\tiny_mce\plugins\xhtmlxtras\langs\en_dlg.js
d:\software\open-cms\wbgae\src\main\resources\META-INF\admin\tiny_mce\themes\advanced\about.htm
d:\software\open-cms\wbgae\src\main\resources\META-INF\admin\tiny_mce\themes\advanced\anchor.htm
d:\software\open-cms\wbgae\src\main\resources\META-INF\admin\tiny_mce\themes\advanced\charmap.htm
d:\software\open-cms\wbgae\src\main\resources\META-INF\admin\tiny_mce\themes\advanced\color_picker.htm
d:\software\open-cms\wbgae\src\main\resources\META-INF\admin\tiny_mce\themes\advanced\editor_template.js
d:\software\open-cms\wbgae\src\main\resources\META-INF\admin\tiny_mce\themes\advanced\image.htm
d:\software\open-cms\wbgae\src\main\resources\META-INF\admin\tiny_mce\themes\advanced\link.htm
d:\software\open-cms\wbgae\src\main\resources\META-INF\admin\tiny_mce\themes\advanced\shortcuts.htm
d:\software\open-cms\wbgae\src\main\resources\META-INF\admin\tiny_mce\themes\advanced\source_editor.htm
d:\software\open-cms\wbgae\src\main\resources\META-INF\admin\tiny_mce\themes\advanced\img\colorpicker.jpg
d:\software\open-cms\wbgae\src\main\resources\META-INF\admin\tiny_mce\themes\advanced\img\flash.gif
d:\software\open-cms\wbgae\src\main\resources\META-INF\admin\tiny_mce\themes\advanced\img\icons.gif
d:\software\open-cms\wbgae\src\main\resources\META-INF\admin\tiny_mce\themes\advanced\img\iframe.gif
d:\software\open-cms\wbgae\src\main\resources\META-INF\admin\tiny_mce\themes\advanced\img\pagebreak.gif
d:\software\open-cms\wbgae\src\main\resources\META-INF\admin\tiny_mce\themes\advanced\img\quicktime.gif
d:\software\open-cms\wbgae\src\main\resources\META-INF\admin\tiny_mce\themes\advanced\img\realmedia.gif
d:\software\open-cms\wbgae\src\main\resources\META-INF\admin\tiny_mce\themes\advanced\img\shockwave.gif
d:\software\open-cms\wbgae\src\main\resources\META-INF\admin\tiny_mce\themes\advanced\img\trans.gif
d:\software\open-cms\wbgae\src\main\resources\META-INF\admin\tiny_mce\themes\advanced\img\video.gif
d:\software\open-cms\wbgae\src\main\resources\META-INF\admin\tiny_mce\themes\advanced\img\windowsmedia.gif
d:\software\open-cms\wbgae\src\main\resources\META-INF\admin\tiny_mce\themes\advanced\js\about.js
d:\software\open-cms\wbgae\src\main\resources\META-INF\admin\tiny_mce\themes\advanced\js\anchor.js
d:\software\open-cms\wbgae\src\main\resources\META-INF\admin\tiny_mce\themes\advanced\js\charmap.js
d:\software\open-cms\wbgae\src\main\resources\META-INF\admin\tiny_mce\themes\advanced\js\color_picker.js
d:\software\open-cms\wbgae\src\main\resources\META-INF\admin\tiny_mce\themes\advanced\js\image.js
d:\software\open-cms\wbgae\src\main\resources\META-INF\admin\tiny_mce\themes\advanced\js\link.js
d:\software\open-cms\wbgae\src\main\resources\META-INF\admin\tiny_mce\themes\advanced\js\source_editor.js
d:\software\open-cms\wbgae\src\main\resources\META-INF\admin\tiny_mce\themes\advanced\langs\en.js
d:\software\open-cms\wbgae\src\main\resources\META-INF\admin\tiny_mce\themes\advanced\langs\en_dlg.js
d:\software\open-cms\wbgae\src\main\resources\META-INF\admin\tiny_mce\themes\advanced\skins\default\content.css
d:\software\open-cms\wbgae\src\main\resources\META-INF\admin\tiny_mce\themes\advanced\skins\default\dialog.css
d:\software\open-cms\wbgae\src\main\resources\META-INF\admin\tiny_mce\themes\advanced\skins\default\ui.css
d:\software\open-cms\wbgae\src\main\resources\META-INF\admin\tiny_mce\themes\advanced\skins\default\img\buttons.png
d:\software\open-cms\wbgae\src\main\resources\META-INF\admin\tiny_mce\themes\advanced\skins\default\img\items.gif
d:\software\open-cms\wbgae\src\main\resources\META-INF\admin\tiny_mce\themes\advanced\skins\default\img\menu_arrow.gif
d:\software\open-cms\wbgae\src\main\resources\META-INF\admin\tiny_mce\themes\advanced\skins\default\img\menu_check.gif
d:\software\open-cms\wbgae\src\main\resources\META-INF\admin\tiny_mce\themes\advanced\skins\default\img\progress.gif
d:\software\open-cms\wbgae\src\main\resources\META-INF\admin\tiny_mce\themes\advanced\skins\default\img\tabs.gif
d:\software\open-cms\wbgae\src\main\resources\META-INF\admin\tiny_mce\themes\advanced\skins\highcontrast\content.css
d:\software\open-cms\wbgae\src\main\resources\META-INF\admin\tiny_mce\themes\advanced\skins\highcontrast\dialog.css
d:\software\open-cms\wbgae\src\main\resources\META-INF\admin\tiny_mce\themes\advanced\skins\highcontrast\ui.css
d:\software\open-cms\wbgae\src\main\resources\META-INF\admin\tiny_mce\themes\advanced\skins\o2k7\content.css
d:\software\open-cms\wbgae\src\main\resources\META-INF\admin\tiny_mce\themes\advanced\skins\o2k7\dialog.css
d:\software\open-cms\wbgae\src\main\resources\META-INF\admin\tiny_mce\themes\advanced\skins\o2k7\ui.css
d:\software\open-cms\wbgae\src\main\resources\META-INF\admin\tiny_mce\themes\advanced\skins\o2k7\ui_black.css
d:\software\open-cms\wbgae\src\main\resources\META-INF\admin\tiny_mce\themes\advanced\skins\o2k7\ui_silver.css
d:\software\open-cms\wbgae\src\main\resources\META-INF\admin\tiny_mce\themes\advanced\skins\o2k7\img\button_bg.png
d:\software\open-cms\wbgae\src\main\resources\META-INF\admin\tiny_mce\themes\advanced\skins\o2k7\img\button_bg_black.png
d:\software\open-cms\wbgae\src\main\resources\META-INF\admin\tiny_mce\themes\advanced\skins\o2k7\img\button_bg_silver.png
d:\software\open-cms\wbgae\src\main\resources\META-INF\admin\tiny_mce\themes\simple\editor_template.js
d:\software\open-cms\wbgae\src\main\resources\META-INF\admin\tiny_mce\themes\simple\img\icons.gif
d:\software\open-cms\wbgae\src\main\resources\META-INF\admin\tiny_mce\themes\simple\langs\en.js
d:\software\open-cms\wbgae\src\main\resources\META-INF\admin\tiny_mce\themes\simple\skins\default\content.css
d:\software\open-cms\wbgae\src\main\resources\META-INF\admin\tiny_mce\themes\simple\skins\default\ui.css
d:\software\open-cms\wbgae\src\main\resources\META-INF\admin\tiny_mce\themes\simple\skins\o2k7\content.css
d:\software\open-cms\wbgae\src\main\resources\META-INF\admin\tiny_mce\themes\simple\skins\o2k7\ui.css
d:\software\open-cms\wbgae\src\main\resources\META-INF\admin\tiny_mce\themes\simple\skins\o2k7\img\button_bg.png
d:\software\open-cms\wbgae\src\main\resources\META-INF\admin\tiny_mce\utils\editable_selects.js
d:\software\open-cms\wbgae\src\main\resources\META-INF\admin\tiny_mce\utils\form_utils.js
d:\software\open-cms\wbgae\src\main\resources\META-INF\admin\tiny_mce\utils\mctabs.js
d:\software\open-cms\wbgae\src\main\resources\META-INF\admin\tiny_mce\utils\validate.js
